12.09.2018 19:36 Program exited with message:
 System.IO.DirectoryNotFoundException: Не удалось найти часть пути "C:\Users\mantis\Desktop\config\settings.json".
   в System.IO.__Error.WinIOError(Int32 errorCode, String maybeFullPath)
   в System.IO.FileStream.Init(String path, FileMode mode, FileAccess access, Int32 rights, Boolean useRights, FileShare share, Int32 bufferSize, FileOptions options, SECURITY_ATTRIBUTES secAttrs, String msgPath, Boolean bFromProxy, Boolean useLongPath, Boolean checkHost)
   в System.IO.FileStream..ctor(String path, FileMode mode, FileAccess access, FileShare share, Int32 bufferSize)
   в PoeHUD.Hud.Settings.SettingsHub.Save(SettingsHub settings)
   в PoeHUD.Hud.Settings.SettingsHub.Load()
   в PoeHUD.Hud.ExternalOverlay..ctor(GameController gameController, Func`1 gameEnded)
   в PoeHUD.Program.Main(String[] args)
------------------------------
13.09.2018 15:42 Program exited with message:
 System.IO.DirectoryNotFoundException: Не удалось найти часть пути "C:\Users\mantis\Desktop\config\settings.json".
   в System.IO.__Error.WinIOError(Int32 errorCode, String maybeFullPath)
   в System.IO.FileStream.Init(String path, FileMode mode, FileAccess access, Int32 rights, Boolean useRights, FileShare share, Int32 bufferSize, FileOptions options, SECURITY_ATTRIBUTES secAttrs, String msgPath, Boolean bFromProxy, Boolean useLongPath, Boolean checkHost)
   в System.IO.FileStream..ctor(String path, FileMode mode, FileAccess access, FileShare share, Int32 bufferSize)
   в PoeHUD.Hud.Settings.SettingsHub.Save(SettingsHub settings)
   в PoeHUD.Hud.Settings.SettingsHub.Load()
   в PoeHUD.Hud.ExternalOverlay..ctor(GameController gameController, Func`1 gameEnded)
   в PoeHUD.Program.Main(String[] args)
------------------------------
14.09.2018 18:13 Program exited with message:
 System.IO.DirectoryNotFoundException: Не удалось найти часть пути "C:\Users\mantis\Desktop\config\settings.json".
   в System.IO.__Error.WinIOError(Int32 errorCode, String maybeFullPath)
   в System.IO.FileStream.Init(String path, FileMode mode, FileAccess access, Int32 rights, Boolean useRights, FileShare share, Int32 bufferSize, FileOptions options, SECURITY_ATTRIBUTES secAttrs, String msgPath, Boolean bFromProxy, Boolean useLongPath, Boolean checkHost)
   в System.IO.FileStream..ctor(String path, FileMode mode, FileAccess access, FileShare share, Int32 bufferSize)
   в PoeHUD.Hud.Settings.SettingsHub.Save(SettingsHub settings)
   в PoeHUD.Hud.Settings.SettingsHub.Load()
   в PoeHUD.Hud.ExternalOverlay..ctor(GameController gameController, Func`1 gameEnded)
   в PoeHUD.Program.Main(String[] args)
------------------------------
14.09.2018 18:13 Program exited with message:
 System.IO.DirectoryNotFoundException: Не удалось найти часть пути "C:\Users\mantis\Desktop\config\settings.json".
   в System.IO.__Error.WinIOError(Int32 errorCode, String maybeFullPath)
   в System.IO.FileStream.Init(String path, FileMode mode, FileAccess access, Int32 rights, Boolean useRights, FileShare share, Int32 bufferSize, FileOptions options, SECURITY_ATTRIBUTES secAttrs, String msgPath, Boolean bFromProxy, Boolean useLongPath, Boolean checkHost)
   в System.IO.FileStream..ctor(String path, FileMode mode, FileAccess access, FileShare share, Int32 bufferSize)
   в PoeHUD.Hud.Settings.SettingsHub.Save(SettingsHub settings)
   в PoeHUD.Hud.Settings.SettingsHub.Load()
   в PoeHUD.Hud.ExternalOverlay..ctor(GameController gameController, Func`1 gameEnded)
   в PoeHUD.Program.Main(String[] args)
------------------------------
14.09.2018 19:55 Program exited with message:
 System.IO.DirectoryNotFoundException: Не удалось найти часть пути "C:\Users\mantis\Desktop\config\settings.json".
   в System.IO.__Error.WinIOError(Int32 errorCode, String maybeFullPath)
   в System.IO.FileStream.Init(String path, FileMode mode, FileAccess access, Int32 rights, Boolean useRights, FileShare share, Int32 bufferSize, FileOptions options, SECURITY_ATTRIBUTES secAttrs, String msgPath, Boolean bFromProxy, Boolean useLongPath, Boolean checkHost)
   в System.IO.FileStream..ctor(String path, FileMode mode, FileAccess access, FileShare share, Int32 bufferSize)
   в PoeHUD.Hud.Settings.SettingsHub.Save(SettingsHub settings)
   в PoeHUD.Hud.Settings.SettingsHub.Load()
   в PoeHUD.Hud.ExternalOverlay..ctor(GameController gameController, Func`1 gameEnded)
   в PoeHUD.Program.Main(String[] args)
------------------------------
14.09.2018 21:00 Program exited with message:
 System.IO.DirectoryNotFoundException: Не удалось найти часть пути "C:\Users\mantis\Desktop\config\settings.json".
   в System.IO.__Error.WinIOError(Int32 errorCode, String maybeFullPath)
   в System.IO.FileStream.Init(String path, FileMode mode, FileAccess access, Int32 rights, Boolean useRights, FileShare share, Int32 bufferSize, FileOptions options, SECURITY_ATTRIBUTES secAttrs, String msgPath, Boolean bFromProxy, Boolean useLongPath, Boolean checkHost)
   в System.IO.FileStream..ctor(String path, FileMode mode, FileAccess access, FileShare share, Int32 bufferSize)
   в PoeHUD.Hud.Settings.SettingsHub.Save(SettingsHub settings)
   в PoeHUD.Hud.Settings.SettingsHub.Load()
   в PoeHUD.Hud.ExternalOverlay..ctor(GameController gameController, Func`1 gameEnded)
   в PoeHUD.Program.Main(String[] args)
------------------------------
